<?xml version="1.0" encoding="UTF-8"?>
<testsuite xmlns:xsi="http://www.w3.org/2001/XMLSchema-instance" xsi:noNamespaceSchemaLocation="https://maven.apache.org/surefire/maven-surefire-plugin/xsd/surefire-test-report.xsd" name="it.pagopa.selfcare.onboarding.connector.PartyConnectorImplTest" time="0.203" tests="3" errors="0" skipped="0" failures="0">
  <properties>
[...]
</properties>
  <testcase name="onboardingOrganization_nullOnboardingData" classname="it.pagopa.selfcare.onboarding.connector.PartyConnectorImplTest" time="0.155"/>
  <testcase name="onboardingOrganization_emptyUsers" classname="it.pagopa.selfcare.onboarding.connector.PartyConnectorImplTest" time="0.031"/>
  <testcase name="onboardingOrganization" classname="it.pagopa.selfcare.onboarding.connector.PartyConnectorImplTest" time="0.003"/>
</testsuite>