<?xml version="1.0" encoding="UTF-8"?>
<testsuite xmlns:xsi="http://www.w3.org/2001/XMLSchema-instance" xsi:noNamespaceSchemaLocation="https://maven.apache.org/surefire/maven-surefire-plugin/xsd/surefire-test-report.xsd" name="it.pagopa.selfcare.onboarding.web.model.OnboardingResponseTest" time="0.088" tests="2" errors="0" skipped="0" failures="0">
  <properties>
[...]
</properties>
  <testcase name="validateNullFields" classname="it.pagopa.selfcare.onboarding.web.model.OnboardingResponseTest" time="0.064"/>
  <testcase name="validateNotNullFields" classname="it.pagopa.selfcare.onboarding.web.model.OnboardingResponseTest" time="0.011"/>
</testsuite>